
                         MODELLER 9.24, 2020/04/06, r11614

     PROTEIN STRUCTURE MODELLING BY SATISFACTION OF SPATIAL RESTRAINTS


                     Copyright(c) 1989-2020 Andrej Sali
                            All Rights Reserved

                             Written by A. Sali
                               with help from
              B. Webb, M.S. Madhusudhan, M-Y. Shen, G.Q. Dong,
          M.A. Marti-Renom, N. Eswar, F. Alber, M. Topf, B. Oliva,
             A. Fiser, R. Sanchez, B. Yerkovich, A. Badretdinov,
                     F. Melo, J.P. Overington, E. Feyfant
                 University of California, San Francisco, USA
                    Rockefeller University, New York, USA
                      Harvard University, Cambridge, USA
                   Imperial Cancer Research Fund, London, UK
              Birkbeck College, University of London, London, UK


Kind, OS, HostName, Kernel, Processor: 4, Windows Vista build 9200, RASHID-LENOVO, SMP, unknown
Date and time of compilation         : 2020/04/06 12:03:25
MODELLER executable type             : x86_64-w64
Job starting time (YY/MM/DD HH:MM:SS): 2020/05/27 16:25:21


Multiple dynamic programming alignment (MALIGN):
  Residue-residue metric  : $(LIB)/as1.sim.mat
  ALIGN_BLOCK             :            1
  Gap introduction penalty:    -900.0000
  Gap extension penalty   :     -50.0000
  Length of alignment     :          182
# Sequence alignment of the structurally conserved regions
# [average distance and standard deviation are with respect
#  to the framework (i.e., average structure)]
#
#  N av ds st dv   tseq1A tseq2A tseq3A tseq4A 
# =============================================
   1 0.631 0.302 * P   2  P   2  P   2  P   2  
   2 0.349 0.071 * I   3  I   3  I   3  I   3  
   3 0.326 0.150 * T   4  T   4  T   4  T   4  
   4 0.270 0.157 * A   5  A   5  A   5  A   5  
   5 0.105 0.039 * Y   6  Y   6  Y   6  Y   6  
   6 0.293 0.209 * S   7  S   7  S   7  S   7  
   7 0.199 0.113 * Q   8  Q   8  Q   8  Q   8  
   8 0.158 0.034 * Q   9  Q   9  Q   9  Q   9  
   9 0.176 0.108 * T  10  T  10  T  10  T  10  
  10 0.182 0.092 * R  11  R  11  R  11  R  11  
  11 0.283 0.038 * G  12  G  12  G  12  G  12  
  12 0.359 0.120 * L  13  L  13  L  13  L  13  
  13 0.181 0.053 * L  14  L  14  L  14  L  14  
  14 0.190 0.052 * G  15  G  15  G  15  G  15  
  15 0.144 0.027 * C  16  C  16  C  16  C  16  
  16 0.142 0.079 * I  17  I  17  I  17  I  17  
  17 0.204 0.101 * I  18  I  18  I  18  I  18  
  18 0.163 0.101 * T  19  T  19  T  19  T  19  
  19 0.134 0.070 * S  20  S  20  S  20  S  20  
  20 0.180 0.022 * L  21  L  21  L  21  L  21  
  21 0.200 0.026 * T  22  T  22  T  22  T  22  
  22 0.183 0.045 * G  23  G  23  G  23  G  23  
  23 0.180 0.050 * R  24  R  24  R  24  R  24  
  24 0.157 0.063 * D  25  D  25  D  25  D  25  
  25 0.435 0.256 * K  26  K  26  K  26  K  26  
  26 0.173 0.044 * N  27  N  27  N  27  N  27  
  27 0.307 0.119 * Q  28  Q  28  Q  28  Q  28  
  28 0.247 0.101 * V  29  V  29  V  29  V  29  
  29 0.252 0.146 * D  30  D  30  D  30  D  30  
  30 0.368 0.213 * G  31  G  31  G  31  G  31  
  31 0.367 0.205 * E  32  E  32  E  32  E  32  
  32 0.160 0.043 * V  33  V  33  V  33  V  33  
  33 0.145 0.047 * Q  34  Q  34  Q  34  Q  34  
  34 0.112 0.037 * V  35  V  35  V  35  V  35  
  35 0.131 0.044 * L  36  L  36  L  36  L  36  
  36 0.198 0.058 * S  37  S  37  S  37  S  37  
  37 0.249 0.138 * T  38  T  38  T  38  T  38  
  38 0.883 0.544 * A  39  A  39  A  39  A  39  
  39 0.795 0.447 * T  40  T  40  T  40  T  40  
  40 0.418 0.247 * Q  41  Q  41  Q  41  Q  41  
  41 0.255 0.164 * S  42  S  42  S  42  S  42  
  42 0.212 0.134 * F  43  F  43  F  43  F  43  
  43 0.168 0.089 * L  44  L  44  L  44  L  44  
  44 0.201 0.072 * A  45  A  45  A  45  A  45  
  45 0.104 0.042 * T  46  T  46  T  46  T  46  
  46 0.152 0.068 * C  47  C  47  C  47  C  47  
  47 0.196 0.066 * V  48  V  48  V  48  V  48  
  48 0.305 0.152 * N  49  N  49  N  49  N  49  
  49 0.410 0.230 * G  50  G  50  G  50  G  50  
  50 0.210 0.111 * V  51  V  51  V  51  V  51  
  51 0.228 0.139 * C  52  C  52  C  52  C  52  
  52 0.118 0.056 * W  53  W  53  W  53  W  53  
  53 0.109 0.056 * T  54  T  54  T  54  T  54  
  54 0.123 0.077 * V  55  V  55  V  55  V  55  
  55 0.114 0.063 * Y  56  Y  56  Y  56  Y  56  
  56 0.133 0.067 * H  57  H  57  H  57  H  57  
  57 0.079 0.056 * G  58  G  58  G  58  G  58  
  58 0.087 0.027 * A  59  A  59  A  59  A  59  
  59 0.137 0.048 * G  60  G  60  G  60  G  60  
  60 0.136 0.066 * S  61  S  61  S  61  S  61  
  61 0.140 0.079 * K  62  K  62  K  62  K  62  
  62 0.157 0.074 * T  63  T  63  T  63  T  63  
  63 0.115 0.058 * L  64  L  64  L  64  L  64  
  64 0.142 0.043 * A  65  A  65  A  65  A  65  
  65 0.206 0.098 * G  66  G  66  G  66  G  66  
  66 0.255 0.092 * P  67  P  67  P  67  P  67  
  67 0.193 0.067 * K  68  K  68  K  68  K  68  
  68 0.240 0.160 * G  69  G  69  G  69  G  69  
  69 0.160 0.097 * P  70  P  70  P  70  P  70  
  70 0.098 0.064 * I  71  I  71  I  71  I  71  
  71 0.177 0.090 * T  72  T  72  T  72  T  72  
  72 0.269 0.161 * Q  73  Q  73  Q  73  Q  73  
  73 0.375 0.219 * M  74  M  74  M  74  M  74  
  74 0.186 0.099 * Y  75  Y  75  Y  75  Y  75  
  75 0.120 0.061 * T  76  T  76  T  76  T  76  
  76 0.158 0.052 * N  77  N  77  N  77  N  77  
  77 0.161 0.086 * V  78  V  78  V  78  V  78  
  78 0.350 0.203 * D  79  D  79  D  79  D  79  
  79 0.158 0.068 * Q  80  Q  80  Q  80  Q  80  
  80 0.079 0.043 * D  81  D  81  D  81  D  81  
  81 0.130 0.062 * L  82  L  82  L  82  L  82  
  82 0.167 0.081 * V  83  V  83  V  83  V  83  
  83 0.166 0.096 * G  84  G  84  G  84  G  84  
  84 0.114 0.069 * W  85  W  85  W  85  W  85  
  85 0.175 0.115 * P  86  P  86  P  86  P  86  
  86 0.230 0.139 * A  87  A  87  A  87  A  87  
  87 0.371 0.192 * P  88  P  88  P  88  P  88  
  88 0.428 0.137 * P  89  P  89  P  89  P  89  
  89 0.315 0.156 * G  90  G  90  G  90  G  90  
  90 0.384 0.242 * A  91  A  91  A  91  A  91  
  91 0.671 0.391 * R  92  R  92  R  92  R  92  
  92 0.341 0.171 * S  93  S  93  S  93  S  93  
  93 0.117 0.033 * M  94  M  94  M  94  M  94  
  94 0.347 0.163 * T  95  T  95  T  95  T  95  
  95 0.313 0.136 * P  96  P  96  P  96  P  96  
  96 0.289 0.113 * C  97  C  97  C  97  C  97  
  97 0.993 0.667 * T  98  T  98  T  98  T  98  
  98 0.964 0.617 * C  99  C  99  C  99  C  99  
  99 0.634 0.307 * G 100  G 100  G 100  G 100  
 100 0.262 0.077 * S 101  S 101  S 101  S 101  
 101 0.494 0.274 * S 102  S 102  S 102  S 102  
 102 0.270 0.085 * D 103  D 103  D 103  D 103  
 103 0.137 0.036 * L 104  L 104  L 104  L 104  
 104 0.165 0.061 * Y 105  Y 105  Y 105  Y 105  
 105 0.112 0.042 * L 106  L 106  L 106  L 106  
 106 0.121 0.071 * V 107  V 107  V 107  V 107  
 107 0.153 0.077 * T 108  T 108  T 108  T 108  
 108 0.218 0.084 * R 109  R 109  R 109  R 109  
 109 0.255 0.158 * H 110  H 110  H 110  H 110  
 110 0.320 0.180 * A 111  A 111  A 111  A 111  
 111 0.202 0.091 * D 112  D 112  D 112  D 112  
 112 0.220 0.078 * V 113  V 113  V 113  V 113  
 113 0.296 0.037 * I 114  I 114  I 114  I 114  
 114 0.164 0.080 * P 115  P 115  P 115  P 115  
 115 0.143 0.059 * V 116  V 116  V 116  V 116  
 116 0.193 0.044 * R 117  R 117  R 117  R 117  
 117 0.167 0.069 * R 118  R 118  R 118  R 118  
 118 0.173 0.087 * R 119  R 119  R 119  R 119  
 119 0.237 0.110 * G 120  G 120  G 120  G 120  
 120 0.199 0.062 * D 121  D 121  D 121  D 121  
 121 0.223 0.041 * S 122  S 122  S 122  S 122  
 122 0.161 0.064 * R 123  R 123  R 123  R 123  
 123 0.173 0.067 * G 124  G 124  G 124  G 124  
 124 0.133 0.052 * S 125  S 125  S 125  S 125  
 125 0.143 0.046 * L 126  L 126  L 126  L 126  
 126 0.200 0.078 * L 127  L 127  L 127  L 127  
 127 0.200 0.052 * S 128  S 128  S 128  S 128  
 128 0.179 0.043 * P 129  P 129  P 129  P 129  
 129 0.178 0.074 * R 130  R 130  R 130  R 130  
 130 0.152 0.046 * P 131  P 131  P 131  P 131  
 131 0.268 0.143 * V 132  V 132  V 132  V 132  
 132 0.290 0.110 * S 133  S 133  S 133  S 133  
 133 0.232 0.091 * Y 134  Y 134  Y 134  Y 134  
 134 0.206 0.095 * L 135  L 135  L 135  L 135  
 135 0.150 0.076 * K 136  K 136  K 136  K 136  
 136 0.097 0.029 * G 137  G 137  G 137  G 137  
 137 0.136 0.039 * S 138  S 138  S 138  S 138  
 138 0.111 0.044 * S 139  S 139  S 139  S 139  
 139 0.135 0.062 * G 140  G 140  G 140  G 140  
 140 0.149 0.052 * G 141  G 141  G 141  G 141  
 141 0.110 0.023 * P 142  P 142  P 142  P 142  
 142 0.158 0.063 * L 143  L 143  L 143  L 143  
 143 0.184 0.043 * L 144  L 144  L 144  L 144  
 144 0.204 0.120 * C 145  C 145  C 145  C 145  
 145 0.286 0.170 * P 146  P 146  P 146  P 146  
 146 0.299 0.180 * S 147  S 147  S 147  S 147  
 147 0.298 0.183 * G 148  G 148  G 148  G 148  
 148 0.186 0.097 * H 149  H 149  H 149  H 149  
 149 0.113 0.015 * V 150  V 150  V 150  V 150  
 150 0.161 0.061 * V 151  V 151  V 151  V 151  
 151 0.223 0.077 * G 152  G 152  G 152  G 152  
 152 0.156 0.059 * I 153  I 153  I 153  I 153  
 153 0.097 0.054 * F 154  F 154  F 154  F 154  
 154 0.098 0.061 * R 155  R 155  R 155  R 155  
 155 0.070 0.014 * A 156  A 156  A 156  A 156  
 156 0.130 0.073 * A 157  A 157  A 157  A 157  
 157 0.214 0.072 * V 158  V 158  V 158  V 158  
 158 0.323 0.161 * C 159  C 159  C 159  C 159  
# =============================================
 159 0.899 0.513   T 160  T 160  T 160  R 161  
 160 0.704 0.355   R 161  R 161  R 161  G 162  
# =============================================
 161 0.241 0.135 * V 163  V 163  V 163  V 163  
 162 0.184 0.047 * A 164  A 164  A 164  A 164  
 163 0.206 0.057 * K 165  K 165  K 165  K 165  
 164 0.114 0.068 * A 166  A 166  A 166  A 166  
 165 0.151 0.043 * V 167  V 167  V 167  V 167  
 166 0.118 0.030   D 168  D 168  V 168  D 168  
 167 0.095 0.018 * F 169  F 169  F 169  F 169  
 168 0.101 0.025 * I 170  I 170  I 170  I 170  
 169 0.136 0.039 * P 171  P 171  P 171  P 171  
 170 0.239 0.107 * V 172  V 172  V 172  V 172  
 171 0.354 0.191 * E 173  E 173  E 173  E 173  
 172 0.273 0.143 * S 174  S 174  S 174  S 174  
 173 0.262 0.120 * M 175  M 175  M 175  M 175  
# =============================================
# Sequence alignment of the structurally conserved regions
# [average distance and standard deviation are with respect
#  to the framework (i.e., average structure)]
#
#  N av ds st dv   tseq1A tseq2A tseq3A tseq4A 
# =============================================
   1 0.602 0.284 * P   2  P   2  P   2  P   2  
   2 0.353 0.055 * I   3  I   3  I   3  I   3  
   3 0.335 0.140 * T   4  T   4  T   4  T   4  
   4 0.279 0.157 * A   5  A   5  A   5  A   5  
   5 0.096 0.033 * Y   6  Y   6  Y   6  Y   6  
   6 0.320 0.207 * S   7  S   7  S   7  S   7  
   7 0.231 0.127 * Q   8  Q   8  Q   8  Q   8  
   8 0.170 0.053 * Q   9  Q   9  Q   9  Q   9  
   9 0.174 0.104 * T  10  T  10  T  10  T  10  
  10 0.182 0.085 * R  11  R  11  R  11  R  11  
  11 0.279 0.056 * G  12  G  12  G  12  G  12  
  12 0.357 0.107 * L  13  L  13  L  13  L  13  
  13 0.182 0.048 * L  14  L  14  L  14  L  14  
  14 0.191 0.039 * G  15  G  15  G  15  G  15  
  15 0.133 0.024 * C  16  C  16  C  16  C  16  
  16 0.127 0.066 * I  17  I  17  I  17  I  17  
  17 0.196 0.077 * I  18  I  18  I  18  I  18  
  18 0.149 0.078 * T  19  T  19  T  19  T  19  
  19 0.122 0.053 * S  20  S  20  S  20  S  20  
  20 0.196 0.055 * L  21  L  21  L  21  L  21  
  21 0.204 0.034 * T  22  T  22  T  22  T  22  
  22 0.166 0.030 * G  23  G  23  G  23  G  23  
  23 0.162 0.025 * R  24  R  24  R  24  R  24  
  24 0.137 0.054 * D  25  D  25  D  25  D  25  
  25 0.462 0.269 * K  26  K  26  K  26  K  26  
  26 0.171 0.040 * N  27  N  27  N  27  N  27  
  27 0.285 0.103 * Q  28  Q  28  Q  28  Q  28  
  28 0.226 0.092 * V  29  V  29  V  29  V  29  
  29 0.233 0.130 * D  30  D  30  D  30  D  30  
  30 0.355 0.204 * G  31  G  31  G  31  G  31  
  31 0.362 0.204 * E  32  E  32  E  32  E  32  
  32 0.154 0.050 * V  33  V  33  V  33  V  33  
  33 0.140 0.053 * Q  34  Q  34  Q  34  Q  34  
  34 0.109 0.041 * V  35  V  35  V  35  V  35  
  35 0.136 0.046 * L  36  L  36  L  36  L  36  
  36 0.190 0.054 * S  37  S  37  S  37  S  37  
  37 0.227 0.114 * T  38  T  38  T  38  T  38  
  38 0.858 0.528 * A  39  A  39  A  39  A  39  
  39 0.758 0.427 * T  40  T  40  T  40  T  40  
  40 0.391 0.225 * Q  41  Q  41  Q  41  Q  41  
  41 0.235 0.142 * S  42  S  42  S  42  S  42  
  42 0.200 0.124 * F  43  F  43  F  43  F  43  
  43 0.165 0.085 * L  44  L  44  L  44  L  44  
  44 0.194 0.064 * A  45  A  45  A  45  A  45  
  45 0.103 0.034 * T  46  T  46  T  46  T  46  
  46 0.153 0.069 * C  47  C  47  C  47  C  47  
  47 0.194 0.074 * V  48  V  48  V  48  V  48  
  48 0.300 0.155 * N  49  N  49  N  49  N  49  
  49 0.406 0.233 * G  50  G  50  G  50  G  50  
  50 0.211 0.116 * V  51  V  51  V  51  V  51  
  51 0.228 0.143 * C  52  C  52  C  52  C  52  
  52 0.114 0.051 * W  53  W  53  W  53  W  53  
  53 0.099 0.046 * T  54  T  54  T  54  T  54  
  54 0.106 0.065 * V  55  V  55  V  55  V  55  
  55 0.105 0.057 * Y  56  Y  56  Y  56  Y  56  
  56 0.127 0.057 * H  57  H  57  H  57  H  57  
  57 0.084 0.047 * G  58  G  58  G  58  G  58  
  58 0.086 0.028 * A  59  A  59  A  59  A  59  
  59 0.131 0.048 * G  60  G  60  G  60  G  60  
  60 0.140 0.071 * S  61  S  61  S  61  S  61  
  61 0.147 0.086 * K  62  K  62  K  62  K  62  
  62 0.165 0.080 * T  63  T  63  T  63  T  63  
  63 0.117 0.061 * L  64  L  64  L  64  L  64  
  64 0.128 0.027 * A  65  A  65  A  65  A  65  
  65 0.186 0.086 * G  66  G  66  G  66  G  66  
  66 0.250 0.069 * P  67  P  67  P  67  P  67  
  67 0.214 0.057 * K  68  K  68  K  68  K  68  
  68 0.226 0.142 * G  69  G  69  G  69  G  69  
  69 0.153 0.087 * P  70  P  70  P  70  P  70  
  70 0.105 0.063 * I  71  I  71  I  71  I  71  
  71 0.188 0.094 * T  72  T  72  T  72  T  72  
  72 0.272 0.164 * Q  73  Q  73  Q  73  Q  73  
  73 0.381 0.224 * M  74  M  74  M  74  M  74  
  74 0.190 0.098 * Y  75  Y  75  Y  75  Y  75  
  75 0.109 0.053 * T  76  T  76  T  76  T  76  
  76 0.158 0.052 * N  77  N  77  N  77  N  77  
  77 0.167 0.096 * V  78  V  78  V  78  V  78  
  78 0.386 0.214 * D  79  D  79  D  79  D  79  
  79 0.167 0.064 * Q  80  Q  80  Q  80  Q  80  
  80 0.069 0.022 * D  81  D  81  D  81  D  81  
  81 0.111 0.049 * L  82  L  82  L  82  L  82  
  82 0.157 0.076 * V  83  V  83  V  83  V  83  
  83 0.167 0.096 * G  84  G  84  G  84  G  84  
  84 0.116 0.072 * W  85  W  85  W  85  W  85  
  85 0.170 0.115 * P  86  P  86  P  86  P  86  
  86 0.230 0.141 * A  87  A  87  A  87  A  87  
  87 0.366 0.194 * P  88  P  88  P  88  P  88  
  88 0.420 0.146 * P  89  P  89  P  89  P  89  
  89 0.299 0.153 * G  90  G  90  G  90  G  90  
  90 0.374 0.233 * A  91  A  91  A  91  A  91  
  91 0.666 0.386 * R  92  R  92  R  92  R  92  
  92 0.335 0.176 * S  93  S  93  S  93  S  93  
  93 0.105 0.024 * M  94  M  94  M  94  M  94  
  94 0.338 0.168 * T  95  T  95  T  95  T  95  
  95 0.306 0.136 * P  96  P  96  P  96  P  96  
  96 0.278 0.104 * C  97  C  97  C  97  C  97  
  97 0.986 0.667 * T  98  T  98  T  98  T  98  
  98 0.948 0.603 * C  99  C  99  C  99  C  99  
  99 0.638 0.319 * G 100  G 100  G 100  G 100  
 100 0.253 0.100 * S 101  S 101  S 101  S 101  
 101 0.484 0.277 * S 102  S 102  S 102  S 102  
 102 0.270 0.104 * D 103  D 103  D 103  D 103  
 103 0.139 0.032 * L 104  L 104  L 104  L 104  
 104 0.141 0.054 * Y 105  Y 105  Y 105  Y 105  
 105 0.105 0.042 * L 106  L 106  L 106  L 106  
 106 0.115 0.057 * V 107  V 107  V 107  V 107  
 107 0.142 0.075 * T 108  T 108  T 108  T 108  
 108 0.197 0.095 * R 109  R 109  R 109  R 109  
 109 0.256 0.165 * H 110  H 110  H 110  H 110  
 110 0.302 0.182 * A 111  A 111  A 111  A 111  
 111 0.211 0.108 * D 112  D 112  D 112  D 112  
 112 0.253 0.081 * V 113  V 113  V 113  V 113  
 113 0.336 0.046 * I 114  I 114  I 114  I 114  
 114 0.172 0.099 * P 115  P 115  P 115  P 115  
 115 0.154 0.064 * V 116  V 116  V 116  V 116  
 116 0.213 0.062 * R 117  R 117  R 117  R 117  
 117 0.184 0.075 * R 118  R 118  R 118  R 118  
 118 0.217 0.109 * R 119  R 119  R 119  R 119  
 119 0.246 0.109 * G 120  G 120  G 120  G 120  
 120 0.207 0.067 * D 121  D 121  D 121  D 121  
 121 0.179 0.060 * S 122  S 122  S 122  S 122  
 122 0.161 0.075 * R 123  R 123  R 123  R 123  
 123 0.175 0.078 * G 124  G 124  G 124  G 124  
 124 0.122 0.032 * S 125  S 125  S 125  S 125  
 125 0.136 0.063 * L 126  L 126  L 126  L 126  
 126 0.180 0.057 * L 127  L 127  L 127  L 127  
 127 0.209 0.043 * S 128  S 128  S 128  S 128  
 128 0.176 0.077 * P 129  P 129  P 129  P 129  
 129 0.194 0.116 * R 130  R 130  R 130  R 130  
 130 0.126 0.052 * P 131  P 131  P 131  P 131  
 131 0.236 0.119 * V 132  V 132  V 132  V 132  
 132 0.275 0.087 * S 133  S 133  S 133  S 133  
 133 0.216 0.071 * Y 134  Y 134  Y 134  Y 134  
 134 0.167 0.087 * L 135  L 135  L 135  L 135  
 135 0.134 0.047 * K 136  K 136  K 136  K 136  
 136 0.088 0.020 * G 137  G 137  G 137  G 137  
 137 0.119 0.047 * S 138  S 138  S 138  S 138  
 138 0.105 0.026 * S 139  S 139  S 139  S 139  
 139 0.121 0.056 * G 140  G 140  G 140  G 140  
 140 0.139 0.051 * G 141  G 141  G 141  G 141  
 141 0.104 0.041 * P 142  P 142  P 142  P 142  
 142 0.136 0.066 * L 143  L 143  L 143  L 143  
 143 0.158 0.033 * L 144  L 144  L 144  L 144  
 144 0.215 0.088 * C 145  C 145  C 145  C 145  
 145 0.286 0.167 * P 146  P 146  P 146  P 146  
 146 0.293 0.161 * S 147  S 147  S 147  S 147  
 147 0.290 0.169 * G 148  G 148  G 148  G 148  
 148 0.164 0.078 * H 149  H 149  H 149  H 149  
 149 0.099 0.010 * V 150  V 150  V 150  V 150  
 150 0.165 0.068 * V 151  V 151  V 151  V 151  
 151 0.211 0.095 * G 152  G 152  G 152  G 152  
 152 0.132 0.046 * I 153  I 153  I 153  I 153  
 153 0.076 0.025 * F 154  F 154  F 154  F 154  
 154 0.076 0.029 * R 155  R 155  R 155  R 155  
 155 0.055 0.013 * A 156  A 156  A 156  A 156  
 156 0.081 0.046 * A 157  A 157  A 157  A 157  
 157 0.229 0.111 * V 158  V 158  V 158  V 158  
 158 0.374 0.209 * C 159  C 159  C 159  C 159  
# =============================================
 159 0.880 0.506   T 160  T 160  T 160  R 161  
 160 0.713 0.338   R 161  R 161  R 161  G 162  
# =============================================
 161 0.295 0.151 * V 163  V 163  V 163  V 163  
 162 0.164 0.058 * A 164  A 164  A 164  A 164  
 163 0.178 0.057 * K 165  K 165  K 165  K 165  
 164 0.126 0.054 * A 166  A 166  A 166  A 166  
 165 0.138 0.043 * V 167  V 167  V 167  V 167  
 166 0.085 0.030   D 168  D 168  V 168  D 168  
 167 0.072 0.026 * F 169  F 169  F 169  F 169  
 168 0.094 0.007 * I 170  I 170  I 170  I 170  
 169 0.127 0.034 * P 171  P 171  P 171  P 171  
 170 0.225 0.094 * V 172  V 172  V 172  V 172  
 171 0.368 0.203 * E 173  E 173  E 173  E 173  
 172 0.288 0.153 * S 174  S 174  S 174  S 174  
 173 0.265 0.121 * M 175  M 175  M 175  M 175  
# =============================================
# Sequence alignment of the structurally conserved regions
# [average distance and standard deviation are with respect
#  to the framework (i.e., average structure)]
#
#  N av ds st dv   tseq1A tseq2A tseq3A tseq4A 
# =============================================
   1 0.602 0.284 * P   2  P   2  P   2  P   2  
   2 0.353 0.055 * I   3  I   3  I   3  I   3  
   3 0.335 0.140 * T   4  T   4  T   4  T   4  
   4 0.279 0.157 * A   5  A   5  A   5  A   5  
   5 0.096 0.033 * Y   6  Y   6  Y   6  Y   6  
   6 0.320 0.207 * S   7  S   7  S   7  S   7  
   7 0.231 0.127 * Q   8  Q   8  Q   8  Q   8  
   8 0.170 0.053 * Q   9  Q   9  Q   9  Q   9  
   9 0.174 0.104 * T  10  T  10  T  10  T  10  
  10 0.182 0.085 * R  11  R  11  R  11  R  11  
  11 0.279 0.056 * G  12  G  12  G  12  G  12  
  12 0.357 0.107 * L  13  L  13  L  13  L  13  
  13 0.182 0.048 * L  14  L  14  L  14  L  14  
  14 0.191 0.039 * G  15  G  15  G  15  G  15  
  15 0.133 0.024 * C  16  C  16  C  16  C  16  
  16 0.127 0.066 * I  17  I  17  I  17  I  17  
  17 0.196 0.077 * I  18  I  18  I  18  I  18  
  18 0.149 0.078 * T  19  T  19  T  19  T  19  
  19 0.122 0.053 * S  20  S  20  S  20  S  20  
  20 0.196 0.055 * L  21  L  21  L  21  L  21  
  21 0.204 0.034 * T  22  T  22  T  22  T  22  
  22 0.166 0.030 * G  23  G  23  G  23  G  23  
  23 0.162 0.025 * R  24  R  24  R  24  R  24  
  24 0.137 0.054 * D  25  D  25  D  25  D  25  
  25 0.462 0.269 * K  26  K  26  K  26  K  26  
  26 0.171 0.040 * N  27  N  27  N  27  N  27  
  27 0.285 0.103 * Q  28  Q  28  Q  28  Q  28  
  28 0.226 0.092 * V  29  V  29  V  29  V  29  
  29 0.233 0.130 * D  30  D  30  D  30  D  30  
  30 0.355 0.204 * G  31  G  31  G  31  G  31  
  31 0.362 0.204 * E  32  E  32  E  32  E  32  
  32 0.154 0.050 * V  33  V  33  V  33  V  33  
  33 0.140 0.053 * Q  34  Q  34  Q  34  Q  34  
  34 0.109 0.041 * V  35  V  35  V  35  V  35  
  35 0.136 0.046 * L  36  L  36  L  36  L  36  
  36 0.190 0.054 * S  37  S  37  S  37  S  37  
  37 0.227 0.114 * T  38  T  38  T  38  T  38  
  38 0.858 0.528 * A  39  A  39  A  39  A  39  
  39 0.758 0.427 * T  40  T  40  T  40  T  40  
  40 0.391 0.225 * Q  41  Q  41  Q  41  Q  41  
  41 0.235 0.142 * S  42  S  42  S  42  S  42  
  42 0.200 0.124 * F  43  F  43  F  43  F  43  
  43 0.165 0.085 * L  44  L  44  L  44  L  44  
  44 0.194 0.064 * A  45  A  45  A  45  A  45  
  45 0.103 0.034 * T  46  T  46  T  46  T  46  
  46 0.153 0.069 * C  47  C  47  C  47  C  47  
  47 0.194 0.074 * V  48  V  48  V  48  V  48  
  48 0.300 0.155 * N  49  N  49  N  49  N  49  
  49 0.406 0.233 * G  50  G  50  G  50  G  50  
  50 0.211 0.116 * V  51  V  51  V  51  V  51  
  51 0.228 0.143 * C  52  C  52  C  52  C  52  
  52 0.114 0.051 * W  53  W  53  W  53  W  53  
  53 0.099 0.046 * T  54  T  54  T  54  T  54  
  54 0.106 0.065 * V  55  V  55  V  55  V  55  
  55 0.105 0.057 * Y  56  Y  56  Y  56  Y  56  
  56 0.127 0.057 * H  57  H  57  H  57  H  57  
  57 0.084 0.047 * G  58  G  58  G  58  G  58  
  58 0.086 0.028 * A  59  A  59  A  59  A  59  
  59 0.131 0.048 * G  60  G  60  G  60  G  60  
  60 0.140 0.071 * S  61  S  61  S  61  S  61  
  61 0.147 0.086 * K  62  K  62  K  62  K  62  
  62 0.165 0.080 * T  63  T  63  T  63  T  63  
  63 0.117 0.061 * L  64  L  64  L  64  L  64  
  64 0.128 0.027 * A  65  A  65  A  65  A  65  
  65 0.186 0.086 * G  66  G  66  G  66  G  66  
  66 0.250 0.069 * P  67  P  67  P  67  P  67  
  67 0.214 0.057 * K  68  K  68  K  68  K  68  
  68 0.226 0.142 * G  69  G  69  G  69  G  69  
  69 0.153 0.087 * P  70  P  70  P  70  P  70  
  70 0.105 0.063 * I  71  I  71  I  71  I  71  
  71 0.188 0.094 * T  72  T  72  T  72  T  72  
  72 0.272 0.164 * Q  73  Q  73  Q  73  Q  73  
  73 0.381 0.224 * M  74  M  74  M  74  M  74  
  74 0.190 0.098 * Y  75  Y  75  Y  75  Y  75  
  75 0.109 0.053 * T  76  T  76  T  76  T  76  
  76 0.158 0.052 * N  77  N  77  N  77  N  77  
  77 0.167 0.096 * V  78  V  78  V  78  V  78  
  78 0.386 0.214 * D  79  D  79  D  79  D  79  
  79 0.167 0.064 * Q  80  Q  80  Q  80  Q  80  
  80 0.069 0.022 * D  81  D  81  D  81  D  81  
  81 0.111 0.049 * L  82  L  82  L  82  L  82  
  82 0.157 0.076 * V  83  V  83  V  83  V  83  
  83 0.167 0.096 * G  84  G  84  G  84  G  84  
  84 0.116 0.072 * W  85  W  85  W  85  W  85  
  85 0.170 0.115 * P  86  P  86  P  86  P  86  
  86 0.230 0.141 * A  87  A  87  A  87  A  87  
  87 0.366 0.194 * P  88  P  88  P  88  P  88  
  88 0.420 0.146 * P  89  P  89  P  89  P  89  
  89 0.299 0.153 * G  90  G  90  G  90  G  90  
  90 0.374 0.233 * A  91  A  91  A  91  A  91  
  91 0.666 0.386 * R  92  R  92  R  92  R  92  
  92 0.335 0.176 * S  93  S  93  S  93  S  93  
  93 0.105 0.024 * M  94  M  94  M  94  M  94  
  94 0.338 0.168 * T  95  T  95  T  95  T  95  
  95 0.306 0.136 * P  96  P  96  P  96  P  96  
  96 0.278 0.104 * C  97  C  97  C  97  C  97  
  97 0.986 0.667 * T  98  T  98  T  98  T  98  
  98 0.948 0.603 * C  99  C  99  C  99  C  99  
  99 0.638 0.319 * G 100  G 100  G 100  G 100  
 100 0.253 0.100 * S 101  S 101  S 101  S 101  
 101 0.484 0.277 * S 102  S 102  S 102  S 102  
 102 0.270 0.104 * D 103  D 103  D 103  D 103  
 103 0.139 0.032 * L 104  L 104  L 104  L 104  
 104 0.141 0.054 * Y 105  Y 105  Y 105  Y 105  
 105 0.105 0.042 * L 106  L 106  L 106  L 106  
 106 0.115 0.057 * V 107  V 107  V 107  V 107  
 107 0.142 0.075 * T 108  T 108  T 108  T 108  
 108 0.197 0.095 * R 109  R 109  R 109  R 109  
 109 0.256 0.165 * H 110  H 110  H 110  H 110  
 110 0.302 0.182 * A 111  A 111  A 111  A 111  
 111 0.211 0.108 * D 112  D 112  D 112  D 112  
 112 0.253 0.081 * V 113  V 113  V 113  V 113  
 113 0.336 0.046 * I 114  I 114  I 114  I 114  
 114 0.172 0.099 * P 115  P 115  P 115  P 115  
 115 0.154 0.064 * V 116  V 116  V 116  V 116  
 116 0.213 0.062 * R 117  R 117  R 117  R 117  
 117 0.184 0.075 * R 118  R 118  R 118  R 118  
 118 0.217 0.109 * R 119  R 119  R 119  R 119  
 119 0.246 0.109 * G 120  G 120  G 120  G 120  
 120 0.207 0.067 * D 121  D 121  D 121  D 121  
 121 0.179 0.060 * S 122  S 122  S 122  S 122  
 122 0.161 0.075 * R 123  R 123  R 123  R 123  
 123 0.175 0.078 * G 124  G 124  G 124  G 124  
 124 0.122 0.032 * S 125  S 125  S 125  S 125  
 125 0.136 0.063 * L 126  L 126  L 126  L 126  
 126 0.180 0.057 * L 127  L 127  L 127  L 127  
 127 0.209 0.043 * S 128  S 128  S 128  S 128  
 128 0.176 0.077 * P 129  P 129  P 129  P 129  
 129 0.194 0.116 * R 130  R 130  R 130  R 130  
 130 0.126 0.052 * P 131  P 131  P 131  P 131  
 131 0.236 0.119 * V 132  V 132  V 132  V 132  
 132 0.275 0.087 * S 133  S 133  S 133  S 133  
 133 0.216 0.071 * Y 134  Y 134  Y 134  Y 134  
 134 0.168 0.087 * L 135  L 135  L 135  L 135  
 135 0.134 0.047 * K 136  K 136  K 136  K 136  
 136 0.088 0.020 * G 137  G 137  G 137  G 137  
 137 0.119 0.047 * S 138  S 138  S 138  S 138  
 138 0.105 0.026 * S 139  S 139  S 139  S 139  
 139 0.121 0.056 * G 140  G 140  G 140  G 140  
 140 0.139 0.051 * G 141  G 141  G 141  G 141  
 141 0.104 0.041 * P 142  P 142  P 142  P 142  
 142 0.136 0.066 * L 143  L 143  L 143  L 143  
 143 0.158 0.033 * L 144  L 144  L 144  L 144  
 144 0.215 0.088 * C 145  C 145  C 145  C 145  
 145 0.286 0.167 * P 146  P 146  P 146  P 146  
 146 0.293 0.161 * S 147  S 147  S 147  S 147  
 147 0.290 0.169 * G 148  G 148  G 148  G 148  
 148 0.164 0.078 * H 149  H 149  H 149  H 149  
 149 0.099 0.010 * V 150  V 150  V 150  V 150  
 150 0.165 0.068 * V 151  V 151  V 151  V 151  
 151 0.211 0.095 * G 152  G 152  G 152  G 152  
 152 0.132 0.046 * I 153  I 153  I 153  I 153  
 153 0.076 0.025 * F 154  F 154  F 154  F 154  
 154 0.076 0.029 * R 155  R 155  R 155  R 155  
 155 0.055 0.013 * A 156  A 156  A 156  A 156  
 156 0.081 0.046 * A 157  A 157  A 157  A 157  
 157 0.229 0.111 * V 158  V 158  V 158  V 158  
 158 0.374 0.209 * C 159  C 159  C 159  C 159  
# =============================================
 159 0.880 0.506   T 160  T 160  T 160  R 161  
 160 0.713 0.338   R 161  R 161  R 161  G 162  
# =============================================
 161 0.295 0.151 * V 163  V 163  V 163  V 163  
 162 0.164 0.058 * A 164  A 164  A 164  A 164  
 163 0.178 0.057 * K 165  K 165  K 165  K 165  
 164 0.126 0.054 * A 166  A 166  A 166  A 166  
 165 0.138 0.043 * V 167  V 167  V 167  V 167  
 166 0.085 0.030   D 168  D 168  V 168  D 168  
 167 0.072 0.026 * F 169  F 169  F 169  F 169  
 168 0.094 0.007 * I 170  I 170  I 170  I 170  
 169 0.127 0.034 * P 171  P 171  P 171  P 171  
 170 0.225 0.094 * V 172  V 172  V 172  V 172  
 171 0.368 0.203 * E 173  E 173  E 173  E 173  
 172 0.288 0.153 * S 174  S 174  S 174  S 174  
 173 0.265 0.121 * M 175  M 175  M 175  M 175  
# =============================================

Least-squares dynamic programming alignment:
     FIT_ATOMS atoms for alignment     : CA
     Max dist from frw for equivalence :    3.5000
     Gap introduction penalty          :    0.0000
     Gap extension penalty             :    1.7500
     Numb of residues in framework     :       173




COMPARISON OF SEVERAL 3D STRUCTURES:


  #  ALGNMT CODE      ATOM FILE                          

  1  tseq1A
  2  tseq2A
  3  tseq3A
  4  tseq4A



Variability at a given position is calculated as: 
VAR = 1/Nij * sum_ij (feat_i - feat_j)
sum runs over all pairs of proteins with residues present.



>> Least-squares superposition (FIT)           :       T

   Atom types for superposition/RMS (FIT_ATOMS): CA
   Atom type for position average/variability (VARATOM): CA


   Position comparison (FIT_ATOMS): 

       Cutoff for RMS calculation:     3.5000

       Upper = RMS, Lower = numb equiv positions

        tseq1A  tseq2A  tseq3A  tseq4A  
tseq1A     0.000   0.350   0.379   0.748
tseq2A       181   0.000   0.235   0.600
tseq3A       181     182   0.000   0.608
tseq4A       173     173     173   0.000



   Distance comparison (FIT_ATOMS): 

       Cutoff for rms calculation:     3.5000

       Upper = Distance RMS, Lower = numb equiv distances

        tseq1A  tseq2A  tseq3A  tseq4A  
tseq1A     0.000   0.276   0.305   0.554
tseq2A     16290   0.000   0.188   0.463
tseq3A     16290   16471   0.000   0.465
tseq4A     14878   14878   14878   0.000

>> Sequence comparison: 

       Diag=numb res, Upper=numb equiv res, Lower = % seq ID


           tseq1A  tseq2A  tseq3A  tseq4A
tseq1A        182     181     180     171
tseq2A         99     182     181     171
tseq3A         99      99     182     170
tseq4A         98      98      97     175


>> Dihedral angle comparison: Alph


       Cutoff for rms comparison:    60.0000

       Upper = RMS Alph, Lower = numb of equiv angles

        tseq1A  tseq2A  tseq3A  tseq4A  
tseq1A     0.000   7.523   8.427  10.911
tseq2A       178   0.000   5.493   9.277
tseq3A       178     179   0.000   9.626
tseq4A       169     169     169   0.000


>> Dihedral angle comparison: Phi 


       Cutoff for rms comparison:    60.0000

       Upper = RMS Phi , Lower = numb of equiv angles

        tseq1A  tseq2A  tseq3A  tseq4A  
tseq1A     0.000  10.404   9.555  11.356
tseq2A       180   0.000   7.698  12.501
tseq3A       180     180   0.000  12.479
tseq4A       171     172     172   0.000


>> Dihedral angle comparison: Psi 


       Cutoff for rms comparison:    15.0000

       Upper = RMS Psi , Lower = numb of equiv angles

        tseq1A  tseq2A  tseq3A  tseq4A  
tseq1A     0.000   5.878   6.850   6.946
tseq2A       159   0.000   5.339   6.486
tseq3A       167     165   0.000   6.646
tseq4A       140     144     146   0.000


>> Dihedral angle comparison: Omeg


       Cutoff for rms comparison:    60.0000

       Upper = RMS Omeg, Lower = numb of equiv angles

        tseq1A  tseq2A  tseq3A  tseq4A  
tseq1A     0.000   4.930   4.445   5.582
tseq2A       180   0.000   3.536   5.720
tseq3A       180     181   0.000   5.423
tseq4A       172     172     172   0.000


>> Dihedral angle comparison: chi1


       Cutoff for rms comparison:    60.0000

       Upper = RMS chi1, Lower = numb of equiv angles

        tseq1A  tseq2A  tseq3A  tseq4A  
tseq1A     0.000  12.661  11.706  16.283
tseq2A       132   0.000  11.303  15.223
tseq3A       128     138   0.000  15.343
tseq4A       111     114     113   0.000


>> Dihedral angle comparison: chi2


       Cutoff for rms comparison:    60.0000

       Upper = RMS chi2, Lower = numb of equiv angles

        tseq1A  tseq2A  tseq3A  tseq4A  
tseq1A     0.000  15.515  18.447  18.474
tseq2A        77   0.000  14.112  20.532
tseq3A        74      87   0.000  21.471
tseq4A        61      64      64   0.000


>> Dihedral angle comparison: chi3


       Cutoff for rms comparison:    60.0000

       Upper = RMS chi3, Lower = numb of equiv angles

        tseq1A  tseq2A  tseq3A  tseq4A  
tseq1A     0.000  26.257  28.263  25.003
tseq2A        33   0.000  17.097  22.653
tseq3A        33      42   0.000  25.813
tseq4A        29      23      23   0.000


>> Dihedral angle comparison: chi4


       Cutoff for rms comparison:    60.0000

       Upper = RMS chi4, Lower = numb of equiv angles

        tseq1A  tseq2A  tseq3A  tseq4A  
tseq1A     0.000  24.084  30.359  19.556
tseq2A        14   0.000  17.173  14.605
tseq3A        11      15   0.000  29.847
tseq4A         5       6       6   0.000


>> Dihedral angle comparison: chi5


       Cutoff for rms comparison:    60.0000

       Upper = RMS chi5, Lower = numb of equiv angles

        tseq1A  tseq2A  tseq3A  tseq4A  
tseq1A     0.000  20.113  22.443   0.000
tseq2A         2   0.000   9.692   0.000
tseq3A         2       4   0.000   0.000
tseq4A         0       0       0   0.000



>> Ramachandran mainchain class substitution
   prot 1 --> prot 2; class on vert --> class on horiz

              A      P      B      L      E      U
      A     310      4      2      3      0      3
      P       1    209     19      0      0      0
      B       0     20    401      3      0      0
      L       0      0      0     66      0      0
      E       0      0      0      0     18      0
      U       0      0      0      0      0      4


   Summary (% does not count undefined):

   CODE   # ID # NID # TOT   % ID  % NID  % TOT
      A    310    12   322   29.3    1.1   30.4
      P    209    20   229   19.7    1.9   21.6
      B    401    23   424   37.9    2.2   40.0
      L     66     0    66    6.2    0.0    6.2
      E     18     0    18    1.7    0.0    1.7
   --------------------------------------------
   SUMS   1004    55  1059   94.8    5.2  100.0
   --------------------------------------------
      U      4     0     4    0.4    0.0    0.4



>> Dihedral class substitution: Alph
   prot 1 --> prot 2; class on vert --> class on horiz

              1      2      3      4
      1      70      6     11      0
      2       2    267      5      6
      3      12      8    669      0
      4       0      0      0      7


   Summary (% does not count undefined):

   CODE   # ID # NID # TOT   % ID  % NID  % TOT
      1     70    17    87    6.6    1.6    8.2
      2    267    13   280   25.3    1.2   26.5
      3    669    20   689   63.4    1.9   65.2
   --------------------------------------------
   SUMS   1006    50  1056   95.3    4.7  100.0
   --------------------------------------------
      4      7     0     7    0.7    0.0    0.7



>> Dihedral class substitution: Phi 
   prot 1 --> prot 2; class on vert --> class on horiz

              1      2      3      4
      1     386      3     34      0
      2       0     84      0      0
      3      69      3    483      0
      4       0      0      0      1


   Summary (% does not count undefined):

   CODE   # ID # NID # TOT   % ID  % NID  % TOT
      1    386    37   423   36.3    3.5   39.8
      2     84     0    84    7.9    0.0    7.9
      3    483    72   555   45.5    6.8   52.3
   --------------------------------------------
   SUMS    953   109  1062   89.7   10.3  100.0
   --------------------------------------------
      4      1     0     1    0.1    0.0    0.1



>> Dihedral class substitution: Psi 
   prot 1 --> prot 2; class on vert --> class on horiz

              1      2      3      4
      1     257     21      0      3
      2      11    152      0      0
      3       0      6    610      0
      4       0      0      0      3


   Summary (% does not count undefined):

   CODE   # ID # NID # TOT   % ID  % NID  % TOT
      1    257    24   281   24.2    2.3   26.5
      2    152    11   163   14.3    1.0   15.4
      3    610     6   616   57.5    0.6   58.1
   --------------------------------------------
   SUMS   1019    41  1060   96.1    3.9  100.0
   --------------------------------------------
      4      3     0     3    0.3    0.0    0.3



>> Dihedral class substitution: Omeg
   prot 1 --> prot 2; class on vert --> class on horiz

              1      2      3      4
      1    1056      0      0      3
      2       0      1      0      0
      3       0      0      0      0
      4       0      0      0      3


   Summary (% does not count undefined):

   CODE   # ID # NID # TOT   % ID  % NID  % TOT
      1   1056     3  1059   99.6    0.3   99.9
      2      1     0     1    0.1    0.0    0.1
      3      0     0     0    0.0    0.0    0.0
   --------------------------------------------
   SUMS   1057     3  1060   99.7    0.3  100.0
   --------------------------------------------
      4      3     0     3    0.3    0.0    0.3



>> Dihedral class substitution: chi1
   prot 1 --> prot 2; class on vert --> class on horiz

              1      2      3      4
      1     400     56     36      2
      2      30    221     14      0
      3      17     12     75      1
      4       0      0      0    199


   Summary (% does not count undefined):

   CODE   # ID # NID # TOT   % ID  % NID  % TOT
      1    400    94   494   46.3   10.9   57.2
      2    221    44   265   25.6    5.1   30.7
      3     75    30   105    8.7    3.5   12.2
   --------------------------------------------
   SUMS    696   168   864   80.6   19.4  100.0
   --------------------------------------------
      4    199     0   199   18.7    0.0   18.7



>> Dihedral class substitution: chi2
   prot 1 --> prot 2; class on vert --> class on horiz

              1      2      3      4
      1     281     44     12      8
      2      41    111      6      3
      3       8      1     20      4
      4       3      1      4    516


   Summary (% does not count undefined):

   CODE   # ID # NID # TOT   % ID  % NID  % TOT
      1    281    64   345   52.1   11.9   64.0
      2    111    50   161   20.6    9.3   29.9
      3     20    13    33    3.7    2.4    6.1
   --------------------------------------------
   SUMS    412   127   539   76.4   23.6  100.0
   --------------------------------------------
      4    516     8   524   48.5    0.8   49.3



>> Dihedral class substitution: chi3
   prot 1 --> prot 2; class on vert --> class on horiz

              1      2      3      4
      1     128     36      9      7
      2      23     41      2      6
      3       8      0     10      0
      4       7      0      0    786


   Summary (% does not count undefined):

   CODE   # ID # NID # TOT   % ID  % NID  % TOT
      1    128    52   180   47.4   19.3   66.7
      2     41    31    72   15.2   11.5   26.7
      3     10     8    18    3.7    3.0    6.7
   --------------------------------------------
   SUMS    179    91   270   66.3   33.7  100.0
   --------------------------------------------
      4    786     7   793   73.9    0.7   74.6



>> Dihedral class substitution: chi4
   prot 1 --> prot 2; class on vert --> class on horiz

              1      2      3      4
      1      36      4     15      7
      2      11      8      3      0
      3      11      2     11      6
      4       0      0      7    942


   Summary (% does not count undefined):

   CODE   # ID # NID # TOT   % ID  % NID  % TOT
      1     36    26    62   31.6   22.8   54.4
      2      8    14    22    7.0   12.3   19.3
      3     11    19    30    9.6   16.7   26.3
   --------------------------------------------
   SUMS     55    59   114   48.2   51.8  100.0
   --------------------------------------------
      4    942     7   949   88.6    0.7   89.3



>> Dihedral class substitution: chi5
   prot 1 --> prot 2; class on vert --> class on horiz

              1      2      3      4
      1       7      0      0      8
      2       0      1      0      2
      3       0      0      0      0
      4       2      2      0   1041


   Summary (% does not count undefined):

   CODE   # ID # NID # TOT   % ID  % NID  % TOT
      1      7     8    15   38.9   44.4   83.3
      2      1     2     3    5.6   11.1   16.7
      3      0     0     0    0.0    0.0    0.0
   --------------------------------------------
   SUMS      8    10    18   44.4   55.6  100.0
   --------------------------------------------
      4   1041     4  1045   97.9    0.4   98.3



>> Detailed comparison:


       Structure :  2
       Structure :  3
       Structure :  4
       ALN      ... alignment position
       RESID... ... residue numbers 1/2/3
       AAA      ... amino acid types 1/2/3
       MNC      ... mainchain classes 1/2/3
       ALP...   ... dihedral angle classes (alpha,phi,psi,...)

ALN RESIDUE_NUMBERS AAA MNC ALP PHI PSI OMG CH1 CH2 CH3 CH4 CH5 
---------------------------------------------------------------
  1  ---- ----   1  --A --U --4 --4 --3 --1 --4 --4 --4 --4 --4
  2    1    1  ---- AA- UU- 44- 44- 33- 22- 44- 44- 44- 44- 44-
  3  ---- ---- ---- --- --- --- --- --- --- --- --- --- --- ---
  4    2    2    2  PPP PAB 113 111 212 111 222 111 222 444 444
  5    3    3    3  III PBP 333 133 333 111 111 111 444 444 444
  6    4    4    4  TTT BBB 333 333 333 111 222 444 444 444 444
  7    5    5    5  AAA BBB 333 333 333 111 444 444 444 444 444
  8    6    6    6  YYY BBB 333 333 333 111 332 221 444 444 444
  9    7    7    7  SSS BBB 333 333 333 111 111 444 444 444 444
 10    8    8    8  QQQ BBB 333 333 333 111 112 111 111 444 444
 11    9    9    9  QQQ PBP 333 111 333 111 222 111 112 444 444
 12   10   10   10  TTT AAA 222 333 112 111 222 444 444 444 444
 13   11   11   11  RRR BBB 333 333 333 111 112 111 111 221 444
 14   12   12   12  GGG PPP 313 111 333 111 444 444 444 444 444
 15   13   13   13  LLL AAA 222 111 111 111 222 221 444 444 444
 16   14   14   14  LLL AAA 222 111 111 111 222 222 444 444 444
 17   15   15   15  GGG AAA 222 111 112 111 444 444 444 444 444
 18   16   16   16  CCC AAA 222 111 111 111 222 444 444 444 444
 19   17   17   17  III AAA 222 111 111 111 111 111 444 444 444
 20   18   18   18  III AAA 222 111 111 111 111 121 444 444 444
 21   19   19   19  TTT AAA 222 111 111 111 111 444 444 444 444
 22   20   20   20  SSS AAA 222 111 111 111 333 444 444 444 444
 23   21   21   21  LLL AAA 222 111 111 111 111 111 444 444 444
 24   22   22   22  TTT AAA 333 111 111 111 222 444 444 444 444
 25   23   23   23  GGG LLL 332 222 222 111 444 444 444 444 444
 26   24   24   24  RRR BBB 333 333 333 111 122 111 121 113 444
 27   25   25   25  DDD BBB 333 333 333 111 222 111 444 444 444
 28   26   26   26  KKK AAA 322 331 211 111 113 111 221 113 444
 29   27   27   27  NNN PPP 333 111 333 111 111 112 444 444 444
 30   28   28   28  QQQ PPB 333 113 333 111 232 113 111 444 444
 31   29   29   29  VVV BBP 333 331 333 111 111 444 444 444 444
 32   30   30   30  DDD BBB 222 333 333 111 221 111 444 444 444
 33   31   31   31  GGG EEE 333 222 333 111 444 444 444 444 444
 34   32   32   32  EEE AAA 222 113 111 111 111 331 111 444 444
 35   33   33   33  VVV BBB 333 333 333 111 111 444 444 444 444
 36   34   34   34  QQQ BBB 333 333 333 111 111 222 112 444 444
 37   35   35   35  VVV BBB 333 333 333 111 111 444 444 444 444
 38   36   36   36  LLL BBB 333 333 333 111 111 111 444 444 444
 39   37   37   37  SSS BBB 333 333 333 111 333 444 444 444 444
 40   38   38   38  TTT PPP 133 331 333 111 222 444 444 444 444
 41   39   39   39  AAA AAA 222 111 111 111 444 444 444 444 444
 42   40   40   40  TTT AAA 222 313 111 111 212 444 444 444 444
 43   41   41   41  QQQ BBB 333 333 333 111 133 111 211 444 444
 44   42   42   42  SSS BBB 333 333 333 111 333 444 444 444 444
 45   43   43   43  FFF BBB 333 333 333 111 333 111 444 444 444
 46   44   44   44  LLL BBB 333 333 333 111 111 111 444 444 444
 47   45   45   45  AAA BBB 333 333 333 111 444 444 444 444 444
 48   46   46   46  TTT BBB 333 333 333 111 111 444 444 444 444
 49   47   47   47  CCC BBB 333 331 333 111 111 114 224 114 114
 50   48   48   48  VVV BBB 111 333 333 111 111 444 444 444 444
 51   49   49   49  NNN LLL 111 222 222 111 111 112 444 444 444
 52   50   50   50  GGG LLL 222 222 222 111 444 444 444 444 444
 53   51   51   51  VVV BBB 333 333 333 111 111 444 444 444 444
 54   52   52   52  CCC BBB 333 331 333 111 112 114 224 114 114
 55   53   53   53  WWW BBB 333 333 333 111 111 111 444 444 444
 56   54   54   54  TTT BBB 111 333 333 111 333 444 444 444 444
 57   55   55   55  VVV PBP 333 331 333 111 222 444 444 444 444
 58   56   56   56  YYY AAA 222 111 111 111 222 222 444 444 444
 59   57   57   57  HHH AAA 222 111 111 111 333 111 444 444 444
 60   58   58   58  GGG AAA 222 111 111 111 444 444 444 444 444
 61   59   59   59  AAA AAA 333 311 111 111 444 444 444 444 444
 62   60   60   60  GGG EEE 111 222 333 111 444 444 444 444 444
 63   61   61   61  SSS AAA 333 333 222 111 221 444 444 444 444
 64   62   62   62  KKK PPP 333 111 333 111 111 111 111 331 444
 65   63   63   63  TTT PPP 333 111 333 111 223 444 444 444 444
 66   64   64   64  LLL BBB 333 333 333 111 222 222 444 444 444
 67   65   65   65  AAA PPP 333 111 333 111 444 444 444 444 444
 68   66   66   66  GGG BBB 333 333 333 111 444 444 444 444 444
 69   67   67   67  PPP AAA 222 111 111 111 222 111 222 444 444
 70   68   68   68  KKK AAA 111 333 222 111 111 112 112 112 444
 71   69   69   69  GGG EEE 111 222 333 111 444 444 444 444 444
 72   70   70   70  PPP PPP 333 111 222 111 113 221 112 444 444
 73   71   71   71  III BPP 333 333 333 111 111 111 444 444 444
 74   72   72   72  TTT PPP 333 111 333 111 113 444 444 444 444
 75   73   73   73  QQQ PPP 333 111 333 111 111 111 111 444 444
 76   74   74   74  MMM AAA 222 311 111 111 323 111 113 444 444
 77   75   75   75  YYY BBB 333 333 333 111 112 111 444 444 444
 78   76   76   76  TTT BBB 333 333 333 111 111 444 444 444 444
 79   77   77   77  NNN BBB 333 333 333 111 222 112 444 444 444
 80   78   78   78  VVV AAA 222 111 111 111 111 444 444 444 444
 81   79   79   79  DDD AAA 222 111 111 111 111 111 444 444 444
 82   80   80   80  QQQ AAA 333 333 222 111 332 113 112 444 444
 83   81   81   81  DDD LLL 333 222 222 111 222 111 444 444 444
 84   82   82   82  LLL BBB 333 333 333 111 222 222 444 444 444
 85   83   83   83  VVV BBB 333 333 333 111 222 444 444 444 444
 86   84   84   84  GGG BBB 333 333 333 111 444 444 444 444 444
 87   85   85   85  WWW BBB 333 333 333 111 111 222 444 444 444
 88   86   86   86  PPP PPP 333 111 222 111 222 111 222 444 444
 89   87   87   87  AAA PPP 333 111 333 111 444 444 444 444 444
 90   88   88   88  PPP PPP 111 111 222 111 221 112 221 444 444
 91   89   89   89  PPP PPP 222 111 222 111 111 222 111 444 444
 92   90   90   90  GGG LLL 332 222 221 111 444 444 444 444 444
 93   91   91   91  AAA PPB 333 111 333 111 444 444 444 444 444
 94   92   92   92  RRR BBP 333 131 333 111 113 111 111 111 444
 95   93   93   93  SSS BPP 333 311 333 111 332 444 444 444 444
 96   94   94   94  MMM PPP 333 331 333 111 111 111 223 444 444
 97   95   95   95  TTT BBB 333 331 333 111 123 444 444 444 444
 98   96   96   96  PPP PPP 331 111 222 111 113 221 112 444 444
 99   97   97   97  CCC PBP 333 131 333 111 222 334 114 334 114
100   98   98   98  TTT AAA 222 333 111 111 221 444 444 444 444
101   99   99   99  CCC AAA 333 111 111 111 333 444 444 444 444
102  100  100  100  GGG LLL 333 222 222 111 444 444 444 444 444
103  101  101  101  SSS PPP 333 111 333 111 333 444 444 444 444
104  102  102  102  SSS AAA 222 333 221 111 112 444 444 444 444
105  103  103  103  DDD BBB 333 333 333 111 111 111 444 444 444
106  104  104  104  LLL BBB 333 333 333 111 111 111 444 444 444
107  105  105  105  YYY BBB 333 333 333 111 111 111 444 444 444
108  106  106  106  LLL BBB 333 331 333 111 222 222 444 444 444
109  107  107  107  VVV BBB 333 333 333 111 111 444 444 444 444
110  108  108  108  TTT PPP 333 313 333 111 222 444 444 444 444
111  109  109  109  RRR AAA 222 111 111 111 333 111 222 133 444
112  110  110  110  HHH AAA 333 333 222 111 111 112 444 444 444
113  111  111  111  AAA LLL 333 222 222 111 444 444 444 444 444
114  112  112  112  DDD PPP 333 111 333 111 111 111 444 444 444
115  113  113  113  VVV BBB 333 333 333 111 111 444 444 444 444
116  114  114  114  III BBB 333 333 333 111 221 112 444 444 444
117  115  115  115  PPP PPP 333 111 222 111 111 222 111 444 444
118  116  116  116  VVV BBB 333 333 333 111 111 444 444 444 444
119  117  117  117  RRR BBB 333 333 333 111 222 333 111 221 444
120  118  118  118  RRR PPP 333 111 333 111 222 113 113 111 444
121  119  119  119  RRR AAA 111 333 111 111 111 222 111 111 444
122  120  120  120  GGG BBB 111 333 333 111 444 444 444 444 444
123  121  121  121  DDD AAA 222 111 111 111 111 111 444 444 444
124  122  122  122  SSS AAA 222 333 222 111 112 444 444 444 444
125  123  123  123  RRR BBB 333 333 333 111 122 213 113 313 444
126  124  124  124  GGG BBB 333 333 333 111 444 444 444 444 444
127  125  125  125  SSS BBB 333 333 333 111 112 444 444 444 444
128  126  126  126  LLL PPP 333 111 333 111 111 112 444 444 444
129  127  127  127  LLL AAA 222 111 111 111 111 222 444 444 444
130  128  128  128  SSS BBB 333 333 333 111 222 444 444 444 444
131  129  129  129  PPP PPP 333 111 222 111 113 221 112 444 444
132  130  130  130  RRR BBB 333 333 333 111 111 223 221 221 444
133  131  131  131  PPP PPP 333 111 222 111 113 222 111 444 444
134  132  132  132  VVV AAA 222 111 111 111 113 444 444 444 444
135  133  133  133  SSS AAA 222 111 111 111 111 444 444 444 444
136  134  134  134  YYY AAA 222 111 111 111 222 222 444 444 444
137  135  135  135  LLL AAA 222 133 111 111 111 111 444 444 444
138  136  136  136  KKK PPP 222 111 333 111 111 112 111 133 444
139  137  137  137  GGG LLL 222 222 222 111 444 444 444 444 444
140  138  138  138  SSS AAA 333 333 222 111 222 444 444 444 444
141  139  139  139  SSS PPP 222 111 333 111 111 444 444 444 444
142  140  140  140  GGG LLL 333 222 222 111 444 444 444 444 444
143  141  141  141  GGG PPP 333 111 333 111 444 444 444 444 444
144  142  142  142  PPP PPP 333 111 222 111 222 111 222 444 444
145  143  143  143  LLL BBB 333 333 333 111 111 222 444 444 444
146  144  144  144  LLL BBB 333 333 333 111 111 113 444 444 444
147  145  145  145  CCC PPP 333 111 333 111 113 334 114 334 224
148  146  146  146  PPP AAA 222 111 111 111 112 221 112 444 444
149  147  147  147  SSS AAA 333 111 111 111 111 444 444 444 444
150  148  148  148  GGG LLL 333 222 222 111 444 444 444 444 444
151  149  149  149  HHH PPP 333 113 333 111 111 331 444 444 444
152  150  150  150  VVV BPP 333 331 333 111 112 444 444 444 444
153  151  151  151  VVV AAA 111 313 111 111 212 444 444 444 444
154  152  152  152  GGG BBB 113 333 333 111 444 444 444 444 444
155  153  153  153  III BBB 333 333 333 111 222 111 444 444 444
156  154  154  154  FFF PPP 333 111 333 111 222 222 444 444 444
157  155  155  155  RRR AAA 112 333 111 111 222 111 333 111 444
158  156  156  156  AAA BBB 333 333 333 111 444 444 444 444 444
159  157  157  157  AAA BBB 333 333 333 111 444 444 444 444 444
160  158  158  158  VVV BBB 333 331 333 111 111 444 444 444 444
161  159  159  159  CCC BBB 333 333 333 111 331 444 444 444 444
162  ---- ---- 160  --T --B --1 --3 --3 --1 --1 --4 --4 --4 --4
163  160  160  161  TTR BBL 111 332 332 111 111 441 441 443 444
164  161  161  162  RRG LLL 112 222 222 111 134 124 114 314 444
165  162  162  ---- GG- LL- 22- 22- 22- 11- 44- 44- 44- 44- 44-
166  163  163  163  VVV BBB 333 333 333 111 111 444 444 444 444
167  164  164  164  AAA BBP 333 331 333 111 444 444 444 444 444
168  165  165  165  KKK AAA 222 333 111 111 111 211 111 123 444
169  166  166  166  AAA BBB 333 333 333 111 444 444 444 444 444
170  167  167  167  VVV BBB 333 333 333 111 222 444 444 444 444
171  168  168  168  DVD BBB 333 333 333 111 212 242 444 444 444
172  169  169  169  FFF BBB 333 333 333 111 333 112 444 444 444
173  170  170  170  III BBB 333 333 333 111 111 111 444 444 444
174  171  171  171  PPP PPP 333 111 222 111 113 222 111 444 444
175  172  172  172  VVV AAA 222 111 111 111 223 444 444 444 444
176  173  173  173  EEE AAA 222 111 111 111 121 333 121 444 444
177  174  174  174  SSS AAA 224 111 111 111 222 444 444 444 444
178  175  175  175  MMM AAU 224 111 114 114 111 111 331 444 444
179  176  176  ---- EE- AA- 22- 11- 11- 11- 32- 11- 11- 44- 44-
180  177  177  ---- TT- AA- 22- 11- 11- 11- 11- 44- 44- 44- 44-
181  178  178  ---- TT- AA- 22- 11- 11- 11- 11- 44- 44- 44- 44-
182  179  179  ---- MM- AA- 22- 11- 11- 11- 11- 11- 11- 44- 44-
183  180  180  ---- RR- AA- 22- 31- 11- 11- 44- 44- 44- 44- 44-
184  181  181  ---- AA- AA- 44- 11- 11- 11- 44- 44- 44- 44- 44-
185  182  182  ---- SS- UU- 44- 31- 44- 44- 44- 44- 44- 44- 44-

Sequence identity comparison (ID_TABLE):

   Diagonal       ... number of residues;
   Upper triangle ... number of identical residues;
   Lower triangle ... % sequence identity, id/min(length).

         tseq1A@1tseq2A@1tseq3A@2tseq4A@2
tseq1A@1      182     181     180     171
tseq2A@1       99     182     181     171
tseq3A@2       99      99     182     170
tseq4A@2       98      98      97     175


Weighted pair-group average clustering based on a distance matrix:


                                                               .--- tseq1A@1.9     1.0000
                                                               |
                                                               .--- tseq2A@1.9     1.0000
                                                               |
        .---------------------------------------------------------- tseq3A@2.3     2.5000
        |
      .------------------------------------------------------------ tseq4A@2.3

      +----+----+----+----+----+----+----+----+----+----+----+----+
     2.5600    2.2900    2.0200    1.7500    1.4800    1.2100    0.9400
          2.4250    2.1550    1.8850    1.6150    1.3450    1.0750



Total CPU time [seconds]                                 :       0.45
